INFO: Zaznaczono komorke
INFO: Zaznaczono komorke
INFO: Zaznaczono komorke
INFO: Zaznaczono komorke
INFO: Zaznaczono komorke
INFO: Zaznaczono komorke
INFO: Zaznaczono komorke
INFO: Zaznaczono komorke
INFO: Zaznaczono komorke
INFO: Usuniêto po³¹czenie z (150, 350)
INFO: Zaznaczono komorke
INFO: Zaznaczono komorke
INFO: Zaznaczono komorke
INFO: Zaznaczono komorke
INFO: Gra wznowiona
INFO: Gra wznowiona
INFO: Zaznaczono komorke
INFO: Gra wznowiona
INFO: Zaznaczono komorke
INFO: Zaznaczono komorke
INFO: Zaznaczono komorke
INFO: Zaznaczono komorke
INFO: Zaznaczono komorke
INFO: Zaznaczono komorke
INFO: Gra wznowiona
INFO: Gra wznowiona
INFO: Przesuwanie planszy
INFO: Zaznaczono komorke
INFO: Zaznaczono komorke
INFO: Zaznaczono komorke
INFO: Zaznaczono komorke
INFO: Zaznaczono komorke
INFO: Zaznaczono komorke
INFO: Zaznaczono komorke
INFO: Gra wznowiona
INFO: Zapisano grê
