INFO: Przesuwanie planszy
INFO: Przesuwanie planszy
INFO: Przesuwanie planszy
INFO: Przesuwanie planszy
INFO: Przesuwanie planszy
INFO: Przesuwanie planszy
INFO: Przesuwanie planszy
INFO: Przesuwanie planszy
INFO: Przesuwanie planszy
INFO: Przesuwanie planszy
INFO: Przesuwanie planszy
INFO: Przesuwanie planszy
INFO: Przesuwanie planszy
INFO: Przesuwanie planszy
INFO: Przesuwanie planszy
INFO: Przesuwanie planszy
INFO: Przesuwanie planszy
INFO: Przesuwanie planszy
INFO: Przesuwanie planszy
INFO: Przesuwanie planszy
INFO: Przesuwanie planszy
INFO: Przesuwanie planszy
INFO: Przesuwanie planszy
INFO: Przesuwanie planszy
INFO: Przesuwanie planszy
INFO: Przesuwanie planszy
INFO: Przesuwanie planszy
INFO: Przesuwanie planszy
INFO: Przesuwanie planszy
INFO: Przesuwanie planszy
INFO: Przesuwanie planszy
INFO: Przesuwanie planszy
INFO: Przesuwanie planszy
INFO: Przesuwanie planszy
INFO: Przesuwanie planszy
INFO: Przesuwanie planszy
INFO: Przesuwanie planszy
INFO: Przesuwanie planszy
INFO: Przesuwanie planszy
INFO: Przesuwanie planszy
INFO: Przesuwanie planszy
INFO: Przesuwanie planszy
INFO: Przesuwanie planszy
INFO: Przesuwanie planszy
INFO: Przesuwanie planszy
INFO: Przesuwanie planszy
INFO: Zaznaczono komorke
INFO: Przesuwanie planszy
INFO: Przesuwanie planszy
INFO: Przesuwanie planszy
INFO: Zaznaczono komorke
INFO: Zaznaczono komorke
INFO: Zaznaczono komorke
INFO: Przesuwanie planszy
INFO: Zaznaczono komorke
INFO: Przesuwanie planszy
INFO: Przesuwanie planszy
INFO: Przesuwanie planszy
INFO: Przesuwanie planszy
INFO: Zaznaczono komorke
INFO: Przesuwanie planszy
INFO: Przesuwanie planszy
INFO: Przesuwanie planszy
INFO: Przesuwanie planszy
INFO: Zaznaczono komorke
INFO: Zaznaczono komorke
INFO: Zaznaczono komorke
INFO: Zaznaczono komorke
INFO: Zaznaczono komorke
INFO: Zaznaczono komorke
INFO: Zaznaczono komorke
INFO: Zaznaczono komorke
INFO: Zaznaczono komorke
INFO: Przesuwanie planszy
INFO: Zaznaczono komorke
INFO: Zaznaczono komorke
INFO: Zaznaczono komorke
INFO: Zaznaczono komorke
INFO: Zaznaczono komorke
INFO: Zaznaczono komorke
INFO: Zaznaczono komorke
INFO: Zaznaczono komorke
INFO: Zaznaczono komorke
INFO: Zaznaczono komorke
INFO: Zaznaczono komorke
INFO: Zaznaczono komorke
INFO: Zaznaczono komorke
INFO: Zaznaczono komorke
INFO: Zaznaczono komorke
INFO: Zaznaczono komorke
INFO: Zaznaczono komorke
INFO: Zaznaczono komorke
INFO: Zaznaczono komorke
INFO: Zaznaczono komorke
INFO: Zaznaczono komorke
INFO: Zaznaczono komorke
INFO: Zaznaczono komorke
INFO: Zaznaczono komorke
INFO: Zaznaczono komorke
INFO: Zaznaczono komorke
INFO: Zaznaczono komorke
INFO: Zaznaczono komorke
INFO: Zaznaczono komorke
INFO: Zaznaczono komorke
INFO: Zaznaczono komorke
INFO: Zaznaczono komorke
INFO: Zaznaczono komorke
INFO: Zaznaczono komorke
INFO: Zaznaczono komorke
INFO: Zaznaczono komorke
INFO: Zaznaczono komorke
INFO: Zaznaczono komorke
INFO: Zaznaczono komorke
INFO: Zaznaczono komorke
INFO: Zaznaczono komorke
INFO: Zaznaczono komorke
INFO: Zaznaczono komorke
INFO: Zaznaczono komorke
INFO: Zaznaczono komorke
INFO: Zaznaczono komorke
INFO: Zaznaczono komorke
INFO: Zaznaczono komorke
INFO: Zaznaczono komorke
INFO: Zaznaczono komorke
INFO: Zaznaczono komorke
INFO: Zaznaczono komorke
INFO: Zaznaczono komorke
INFO: Zaznaczono komorke
INFO: Zaznaczono komorke
INFO: Zaznaczono komorke
INFO: Zaznaczono komorke
INFO: Zaznaczono komorke
INFO: Zaznaczono komorke
INFO: Zaznaczono komorke
INFO: Zaznaczono komorke
INFO: Zaznaczono komorke
INFO: Zaznaczono komorke
INFO: Zaznaczono komorke
INFO: Zaznaczono komorke
INFO: Zaznaczono komorke
INFO: Zaznaczono komorke
INFO: Zaznaczono komorke
INFO: Zaznaczono komorke
INFO: Zaznaczono komorke
INFO: Zaznaczono komorke
INFO: Zaznaczono komorke
INFO: Zaznaczono komorke
INFO: Zaznaczono komorke
INFO: Zaznaczono komorke
INFO: Usuniêto po³¹czenie z (500, 450)
INFO: Usuniêto po³¹czenie z (300, 150)
INFO: Usuniêto po³¹czenie z (400, 300)
INFO: Zaznaczono komorke
INFO: Zaznaczono komorke
INFO: Zaznaczono komorke
INFO: Zaznaczono komorke
INFO: Przesuwanie planszy
INFO: Zaznaczono komorke
INFO: Zaznaczono komorke
INFO: Zaznaczono komorke
INFO: Zaznaczono komorke
INFO: Zaznaczono komorke
INFO: Zaznaczono komorke
INFO: Zaznaczono komorke
INFO: Zaznaczono komorke
INFO: Zaznaczono komorke
INFO: Usuniêto po³¹czenie z (500, 450)
INFO: Zaznaczono komorke
INFO: Zaznaczono komorke
INFO: Usuniêto po³¹czenie z (400, 300)
INFO: Zaznaczono komorke
INFO: Zaznaczono komorke
INFO: Osi¹gniêto limit po³¹czeñ dla tej komórki.
INFO: Zaznaczono komorke
INFO: Osi¹gniêto limit po³¹czeñ dla tej komórki.
INFO: Usuniêto po³¹czenie z (500, 450)
INFO: Zaznaczono komorke
INFO: Usuniêto po³¹czenie z (500, 450)
INFO: Zaznaczono komorke
INFO: Usuniêto po³¹czenie z (400, 300)
INFO: Zaznaczono komorke
INFO: Zaznaczono komorke
INFO: Usuniêto po³¹czenie z (500, 450)
INFO: Zaznaczono komorke
INFO: Usuniêto po³¹czenie z (650, 250)
INFO: Zaznaczono komorke
INFO: Usuniêto po³¹czenie z (700, 100)
INFO: Zaznaczono komorke
INFO: Zaznaczono komorke
INFO: Usuniêto po³¹czenie z (600, 300)
INFO: Usuniêto po³¹czenie z (600, 300)
INFO: Zaznaczono komorke
INFO: Zaznaczono komorke
INFO: Zaznaczono komorke
INFO: Usuniêto po³¹czenie z (600, 300)
INFO: Usuniêto po³¹czenie z (600, 300)
INFO: Usuniêto po³¹czenie z (600, 300)
INFO: Zaznaczono komorke
INFO: Zaznaczono komorke
INFO: Zaznaczono komorke
INFO: Zaznaczono komorke
INFO: Zaznaczono komorke
INFO: Zaznaczono komorke
INFO: Zaznaczono komorke
INFO: Przesuwanie planszy
INFO: Przesuwanie planszy
INFO: Zaznaczono komorke
INFO: Zaznaczono komorke
INFO: Osi¹gniêto limit po³¹czeñ dla tej komórki.
INFO: Osi¹gniêto limit po³¹czeñ dla tej komórki.
INFO: Zaznaczono komorke
INFO: Zaznaczono komorke
INFO: Osi¹gniêto limit po³¹czeñ dla tej komórki.
INFO: Osi¹gniêto limit po³¹czeñ dla tej komórki.
INFO: Usuniêto po³¹czenie z (400, 300)
INFO: Usuniêto po³¹czenie z (400, 300)
INFO: Usuniêto po³¹czenie z (250, 200)
INFO: Usuniêto po³¹czenie z (250, 200)
INFO: Usuniêto po³¹czenie z (550, 400)
INFO: Usuniêto po³¹czenie z (550, 400)
INFO: Zaznaczono komorke
INFO: Zaznaczono komorke
INFO: Zaznaczono komorke
INFO: Zaznaczono komorke
INFO: Zaznaczono komorke
INFO: Zaznaczono komorke
INFO: Zaznaczono komorke
INFO: Zaznaczono komorke
INFO: Osi¹gniêto limit po³¹czeñ dla tej komórki.
INFO: Osi¹gniêto limit po³¹czeñ dla tej komórki.
INFO: Zaznaczono komorke
INFO: Zaznaczono komorke
INFO: Zaznaczono komorke
INFO: Zaznaczono komorke
INFO: Zaznaczono komorke
INFO: Zaznaczono komorke
INFO: Osi¹gniêto limit po³¹czeñ dla tej komórki.
INFO: Osi¹gniêto limit po³¹czeñ dla tej komórki.
INFO: Zaznaczono komorke
INFO: Zaznaczono komorke
INFO: Zaznaczono komorke
INFO: Usuniêto po³¹czenie z (600, 300)
INFO: Usuniêto po³¹czenie z (600, 300)
INFO: Usuniêto po³¹czenie z (600, 300)
INFO: Zaznaczono komorke
INFO: Zaznaczono komorke
INFO: Zaznaczono komorke
INFO: Zaznaczono komorke
INFO: Usuniêto po³¹czenie z (500, 450)
INFO: Zaznaczono komorke
INFO: Zaznaczono komorke
INFO: Zaznaczono komorke
INFO: Zaznaczono komorke
INFO: Zaznaczono komorke
INFO: Zaznaczono komorke
INFO: Zaznaczono komorke
INFO: Zaznaczono komorke
INFO: Zaznaczono komorke
INFO: Usuniêto po³¹czenie z (300, 150)
INFO: Zaznaczono komorke
INFO: Usuniêto po³¹czenie z (400, 100)
INFO: Zaznaczono komorke
INFO: Zaznaczono komorke
INFO: Zaznaczono komorke
INFO: Zaznaczono komorke
INFO: Zaznaczono komorke
INFO: Zaznaczono komorke
INFO: Zaznaczono komorke
INFO: Zaznaczono komorke
INFO: Zaznaczono komorke
INFO: Zaznaczono komorke
INFO: Zaznaczono komorke
INFO: Zaznaczono komorke
INFO: Zaznaczono komorke
INFO: Zaznaczono komorke
INFO: Zaznaczono komorke
INFO: Zaznaczono komorke
INFO: Zaznaczono komorke
INFO: Zaznaczono komorke
INFO: Usuniêto po³¹czenie z (300, 150)
INFO: Zaznaczono komorke
INFO: Zaznaczono komorke
INFO: Zaznaczono komorke
INFO: Zaznaczono komorke
INFO: Osi¹gniêto limit po³¹czeñ dla tej komórki.
INFO: Zaznaczono komorke
INFO: Zaznaczono komorke
INFO: Zaznaczono komorke
INFO: Zaznaczono komorke
INFO: Zaznaczono komorke
INFO: Zaznaczono komorke
INFO: Przesuwanie planszy
INFO: Przesuwanie planszy
INFO: Zaznaczono komorke
INFO: Zaznaczono komorke
INFO: Zaznaczono komorke
INFO: Zaznaczono komorke
INFO: Zaznaczono komorke
INFO: Zaznaczono komorke
INFO: Zaznaczono komorke
INFO: Zaznaczono komorke
INFO: Przesuwanie planszy
INFO: Przesuwanie planszy
INFO: Zaznaczono komorke
INFO: Zaznaczono komorke
INFO: Przesuwanie planszy
INFO: Przesuwanie planszy
INFO: Zaznaczono komorke
INFO: Zaznaczono komorke
INFO: Zaznaczono komorke
INFO: Zaznaczono komorke
INFO: Przesuwanie planszy
INFO: Przesuwanie planszy
INFO: Przesuwanie planszy
INFO: Przesuwanie planszy
INFO: Zaznaczono komorke
INFO: Zaznaczono komorke
INFO: Zaznaczono komorke
INFO: Zaznaczono komorke
INFO: Przesuwanie planszy
INFO: Przesuwanie planszy
INFO: Zaznaczono komorke
INFO: Zaznaczono komorke
INFO: Przesuwanie planszy
INFO: Przesuwanie planszy
INFO: Usuniêto po³¹czenie z (300, 150)
INFO: Usuniêto po³¹czenie z (300, 150)
INFO: Usuniêto po³¹czenie z (400, 300)
INFO: Usuniêto po³¹czenie z (400, 300)
INFO: Zaznaczono komorke
INFO: Zaznaczono komorke
INFO: Usuniêto po³¹czenie z (400, 100)
INFO: Usuniêto po³¹czenie z (400, 100)
INFO: Usuniêto po³¹czenie z (400, 300)
INFO: Usuniêto po³¹czenie z (400, 300)
INFO: Zaznaczono komorke
INFO: Zaznaczono komorke
INFO: Zaznaczono komorke
INFO: Zaznaczono komorke
INFO: Zaznaczono komorke
INFO: Zaznaczono komorke
INFO: Zaznaczono komorke
INFO: Zaznaczono komorke
INFO: Zaznaczono komorke
INFO: Zaznaczono komorke
INFO: Przesuwanie planszy
INFO: Zaznaczono komorke
INFO: Zaznaczono komorke
INFO: Osi¹gniêto limit po³¹czeñ dla tej komórki.
INFO: Usuniêto po³¹czenie z (500, 450)
INFO: Zaznaczono komorke
INFO: Zaznaczono komorke
INFO: Zaznaczono komorke
INFO: Zaznaczono komorke
INFO: Zaznaczono komorke
INFO: Usuniêto po³¹czenie z (400, 300)
INFO: Usuniêto po³¹czenie z (100, 500)
INFO: Usuniêto po³¹czenie z (650, 250)
INFO: Zaznaczono komorke
INFO: Zaznaczono komorke
INFO: Zaznaczono komorke
INFO: Zaznaczono komorke
INFO: Zaznaczono komorke
INFO: Zaznaczono komorke
INFO: Zaznaczono komorke
INFO: Zaznaczono komorke
INFO: Zaznaczono komorke
INFO: Zaznaczono komorke
INFO: Osi¹gniêto limit po³¹czeñ dla tej komórki.
INFO: Zaznaczono komorke
INFO: Zaznaczono komorke
INFO: Zaznaczono komorke
INFO: Zaznaczono komorke
INFO: Zaznaczono komorke
INFO: Zaznaczono komorke
INFO: Zaznaczono komorke
INFO: Restart gry
INFO: Zaznaczono komorke
INFO: Zaznaczono komorke
INFO: Zaznaczono komorke
INFO: Zaznaczono komorke
INFO: Restart gry
INFO: Restart gry
INFO: Zaznaczono komorke
INFO: Zapisano grê
INFO: Zaznaczono komorke
INFO: Zaznaczono komorke
INFO: Zaznaczono komorke
INFO: Zaznaczono komorke
INFO: Zaznaczono komorke
INFO: Zaznaczono komorke
INFO: Usuniêto po³¹czenie z (500, 450)
INFO: Usuniêto po³¹czenie z (700, 100)
INFO: Zaznaczono komorke
INFO: Zaznaczono komorke
INFO: Zaznaczono komorke
INFO: Zapisano grê
INFO: Gra wznowiona
INFO: Restart gry
INFO: Zaznaczono komorke
INFO: Zaznaczono komorke
INFO: Zaznaczono komorke
INFO: Zaznaczono komorke
INFO: Zaznaczono komorke
INFO: Zaznaczono komorke
INFO: Zaznaczono komorke
INFO: Zaznaczono komorke
INFO: Zaznaczono komorke
INFO: Zaznaczono komorke
INFO: Zaznaczono komorke
INFO: Zaznaczono komorke
INFO: Zaznaczono komorke
INFO: Zaznaczono komorke
INFO: Zaznaczono komorke
INFO: Zaznaczono komorke
INFO: Zaznaczono komorke
INFO: Zaznaczono komorke
INFO: Zaznaczono komorke
INFO: Zaznaczono komorke
INFO: Zaznaczono komorke
INFO: Zaznaczono komorke
INFO: Zaznaczono komorke
INFO: Osi¹gniêto limit po³¹czeñ dla tej komórki.
INFO: Usuniêto po³¹czenie z (400, 100)
INFO: Usuniêto po³¹czenie z (400, 300)
INFO: Zaznaczono komorke
INFO: Zaznaczono komorke
INFO: Zaznaczono komorke
INFO: Zaznaczono komorke
INFO: Zaznaczono komorke
INFO: Zaznaczono komorke
INFO: Zaznaczono komorke
INFO: Zaznaczono komorke
INFO: Zaznaczono komorke
INFO: Zaznaczono komorke
INFO: Zaznaczono komorke
INFO: Zaznaczono komorke
INFO: Zaznaczono komorke
INFO: Zaznaczono komorke
INFO: Zaznaczono komorke
INFO: Zaznaczono komorke
INFO: Zaznaczono komorke
INFO: Zaznaczono komorke
INFO: Zaznaczono komorke
INFO: Usuniêto po³¹czenie z (300, 150)
INFO: Usuniêto po³¹czenie z (300, 150)
INFO: Zaznaczono komorke
INFO: Zaznaczono komorke
INFO: Zaznaczono komorke
INFO: Zaznaczono komorke
INFO: Zaznaczono komorke
INFO: Zaznaczono komorke
INFO: Zaznaczono komorke
INFO: Zaznaczono komorke
INFO: Zaznaczono komorke
INFO: Zaznaczono komorke
INFO: Zaznaczono komorke
INFO: Zaznaczono komorke
INFO: Zaznaczono komorke
INFO: Zaznaczono komorke
INFO: Zaznaczono komorke
INFO: Zaznaczono komorke
INFO: Zaznaczono komorke
INFO: Zaznaczono komorke
INFO: Zaznaczono komorke
INFO: Zaznaczono komorke
INFO: Restart gry
INFO: Restart gry
INFO: Restart gry
INFO: Restart gry
INFO: Restart gry
INFO: Restart gry
INFO: Restart gry
INFO: Restart gry
INFO: Restart gry
INFO: Restart gry
INFO: Restart gry
INFO: Restart gry
INFO: Restart gry
INFO: Restart gry
INFO: Restart gry
INFO: Restart gry
INFO: Restart gry
INFO: Restart gry
INFO: Restart gry
INFO: Restart gry
INFO: Restart gry
INFO: Zaznaczono komorke
INFO: Zaznaczono komorke
INFO: Zaznaczono komorke
INFO: Zaznaczono komorke
INFO: Zaznaczono komorke
INFO: Zaznaczono komorke
INFO: Zaznaczono komorke
INFO: Zaznaczono komorke
INFO: Zaznaczono komorke
INFO: Zaznaczono komorke
INFO: Zaznaczono komorke
INFO: Zaznaczono komorke
INFO: Zaznaczono komorke
INFO: Zaznaczono komorke
INFO: Zaznaczono komorke
INFO: Zaznaczono komorke
INFO: Zaznaczono komorke
INFO: Zaznaczono komorke
INFO: Zaznaczono komorke
INFO: Zaznaczono komorke
INFO: Zaznaczono komorke
INFO: Zaznaczono komorke
INFO: Zaznaczono komorke
INFO: Zaznaczono komorke
INFO: Zaznaczono komorke
INFO: Zaznaczono komorke
INFO: Zaznaczono komorke
INFO: Zaznaczono komorke
INFO: Zaznaczono komorke
INFO: Zaznaczono komorke
INFO: Zaznaczono komorke
INFO: Zaznaczono komorke
INFO: Zaznaczono komorke
INFO: Zaznaczono komorke
INFO: Zaznaczono komorke
INFO: Zaznaczono komorke
INFO: Zaznaczono komorke
INFO: Zaznaczono komorke
INFO: Zaznaczono komorke
INFO: Zaznaczono komorke
INFO: Zaznaczono komorke
INFO: Zaznaczono komorke
INFO: Zaznaczono komorke
INFO: Zaznaczono komorke
INFO: Zaznaczono komorke
INFO: Zaznaczono komorke
INFO: Zaznaczono komorke
INFO: Zaznaczono komorke
INFO: Zaznaczono komorke
INFO: Zaznaczono komorke
INFO: Zaznaczono komorke
INFO: Zaznaczono komorke
INFO: Zaznaczono komorke
INFO: Zaznaczono komorke
INFO: Zaznaczono komorke
INFO: Zaznaczono komorke
INFO: Zaznaczono komorke
INFO: Osi¹gniêto limit po³¹czeñ dla tej komórki.
INFO: Usuniêto po³¹czenie z (250, 200)
INFO: Zaznaczono komorke
INFO: Restart gry
INFO: Zaznaczono komorke
INFO: Zaznaczono komorke
INFO: Zaznaczono komorke
INFO: Zaznaczono komorke
INFO: Zaznaczono komorke
INFO: Zaznaczono komorke
INFO: Zaznaczono komorke
INFO: Zaznaczono komorke
INFO: Zapisano grê
INFO: Zaznaczono komorke
INFO: Zapisano grê
INFO: Zaznaczono komorke
INFO: Zaznaczono komorke
INFO: Zaznaczono komorke
INFO: Zapisano grê
INFO: Zaznaczono komorke
INFO: Zaznaczono komorke
INFO: Zaznaczono komorke
INFO: Zapisano grê
INFO: Zapisano grê
INFO: Zapisano grê
INFO: Zaznaczono komorke
INFO: Zaznaczono komorke
INFO: Zaznaczono komorke
INFO: Zaznaczono komorke
INFO: Zaznaczono komorke
INFO: Zaznaczono komorke
INFO: Usuniêto po³¹czenie z (150, 350)
INFO: Usuniêto po³¹czenie z (150, 350)
INFO: Usuniêto po³¹czenie z (300, 150)
INFO: Usuniêto po³¹czenie z (300, 150)
INFO: Usuniêto po³¹czenie z (400, 300)
INFO: Usuniêto po³¹czenie z (400, 300)
INFO: Zaznaczono komorke
INFO: Zaznaczono komorke
INFO: Zaznaczono komorke
INFO: Zaznaczono komorke
INFO: Zaznaczono komorke
INFO: Zaznaczono komorke
INFO: Zaznaczono komorke
INFO: Zaznaczono komorke
INFO: Usuniêto po³¹czenie z (400, 100)
INFO: Usuniêto po³¹czenie z (400, 100)
INFO: Zaznaczono komorke
INFO: Zaznaczono komorke
INFO: Zaznaczono komorke
INFO: Zaznaczono komorke
INFO: Zapisano grê
INFO: Zapisano grê
INFO: Zaznaczono komorke
INFO: Zaznaczono komorke
INFO: Zapisano grê
INFO: Zaznaczono komorke
INFO: Zaznaczono komorke
INFO: Zaznaczono komorke
INFO: Zaznaczono komorke
INFO: Zaznaczono komorke
INFO: Zaznaczono komorke
INFO: Zaznaczono komorke
INFO: Zaznaczono komorke
INFO: Zaznaczono komorke
INFO: Zaznaczono komorke
INFO: Zaznaczono komorke
INFO: Przesuwanie planszy
INFO: Zaznaczono komorke
INFO: Zaznaczono komorke
INFO: Przesuwanie planszy
INFO: Zaznaczono komorke
INFO: Przesuwanie planszy
INFO: Przesuwanie planszy
INFO: Zaznaczono komorke
INFO: Zaznaczono komorke
INFO: Zaznaczono komorke
INFO: Usuniêto po³¹czenie z (300, 150)
INFO: Zaznaczono komorke
INFO: Zaznaczono komorke
INFO: Zaznaczono komorke
INFO: Gra wznowiona
INFO: Gra wznowiona
INFO: Gra wznowiona
INFO: Gra wstrzymana
INFO: Gra wznowiona
INFO: Zaznaczono komorke
INFO: Zaznaczono komorke
INFO: Gra wznowiona
INFO: Gra wznowiona
INFO: Zaznaczono komorke
INFO: Zaznaczono komorke
INFO: Zaznaczono komorke
INFO: Zaznaczono komorke
INFO: Zaznaczono komorke
INFO: Zaznaczono komorke
INFO: Zaznaczono komorke
INFO: Zaznaczono komorke
INFO: Zaznaczono komorke
INFO: Zaznaczono komorke
INFO: Zaznaczono komorke
INFO: Zaznaczono komorke
INFO: Zaznaczono komorke
INFO: Przesuwanie planszy
INFO: Usuniêto po³¹czenie z (400, 300)
INFO: Zaznaczono komorke
INFO: Przesuwanie planszy
INFO: Przesuwanie planszy
INFO: Przesuwanie planszy
INFO: Przesuwanie planszy
INFO: Zaznaczono komorke
INFO: Gra wznowiona
